TN:
SF:backend\src\express.ts
FNF:0
FNH:0
DA:1,0
DA:2,0
DA:3,0
DA:4,0
DA:5,0
DA:6,0
DA:7,0
DA:10,0
DA:13,0
DA:16,0
DA:24,0
DA:25,0
DA:27,0
DA:28,0
DA:31,0
DA:34,0
DA:37,0
DA:38,0
DA:39,0
DA:42,0
LF:20
LH:0
BRF:0
BRH:0
end_of_record
TN:
SF:backend\src\config\auth.ts
FN:8,(anonymous_1)
FN:11,(anonymous_2)
FNF:2
FNH:0
FNDA:0,(anonymous_1)
FNDA:0,(anonymous_2)
DA:3,5
DA:4,5
DA:7,5
DA:9,0
DA:12,0
LF:5
LH:3
BRDA:9,0,0,0
BRDA:12,1,0,0
BRF:2
BRH:0
end_of_record
TN:
SF:backend\src\config\cors.ts
FNF:0
FNH:0
DA:1,5
DA:2,5
DA:10,5
LF:3
LH:3
BRF:0
BRH:0
end_of_record
TN:
SF:backend\src\config\env.ts
FNF:0
FNH:0
DA:3,5
DA:6,5
LF:2
LH:2
BRDA:7,0,0,0
BRDA:7,0,1,5
BRF:2
BRH:1
end_of_record
TN:
SF:backend\src\config\index.ts
FN:1,(anonymous_5)
FNF:1
FNH:1
FNDA:10,(anonymous_5)
DA:1,15
DA:2,5
DA:3,5
DA:4,5
LF:4
LH:4
BRF:0
BRH:0
end_of_record
TN:
SF:backend\src\config\rateLimit.ts
FNF:0
FNH:0
DA:9,5
LF:1
LH:1
BRF:0
BRH:0
end_of_record
TN:
SF:backend\src\modules\index.ts
FN:1,(anonymous_1)
FN:2,(anonymous_2)
FN:3,(anonymous_3)
FNF:3
FNH:0
FNDA:0,(anonymous_1)
FNDA:0,(anonymous_2)
FNDA:0,(anonymous_3)
DA:1,0
DA:2,0
DA:3,0
LF:3
LH:0
BRF:0
BRH:0
end_of_record
TN:
SF:backend\src\modules\config\controller.ts
FN:12,(anonymous_0)
FNF:1
FNH:0
FNDA:0,(anonymous_0)
DA:2,0
DA:4,0
DA:5,0
DA:12,0
DA:13,0
DA:19,0
LF:6
LH:0
BRF:0
BRH:0
end_of_record
TN:
SF:backend\src\modules\config\router.ts
FNF:0
FNH:0
DA:1,0
DA:2,0
DA:4,0
DA:11,0
DA:13,0
LF:5
LH:0
BRF:0
BRH:0
end_of_record
TN:
SF:backend\src\modules\github\controller.ts
FN:11,(anonymous_0)
FN:29,(anonymous_1)
FN:33,(anonymous_2)
FNF:3
FNH:0
FNDA:0,(anonymous_0)
FNDA:0,(anonymous_1)
FNDA:0,(anonymous_2)
DA:2,0
DA:3,0
DA:11,0
DA:12,0
DA:13,0
DA:14,0
DA:16,0
DA:17,0
DA:19,0
DA:20,0
DA:21,0
DA:24,0
DA:25,0
DA:29,0
DA:33,0
DA:48,0
LF:16
LH:0
BRDA:20,0,0,0
BRDA:25,1,0,0
BRF:2
BRH:0
end_of_record
TN:
SF:backend\src\modules\github\router.ts
FNF:0
FNH:0
DA:1,0
DA:2,0
DA:4,0
DA:12,0
DA:14,0
LF:5
LH:0
BRF:0
BRH:0
end_of_record
TN:
SF:backend\src\modules\github\schemas.ts
FNF:0
FNH:0
DA:1,0
DA:2,0
DA:4,0
DA:10,0
LF:4
LH:0
BRF:0
BRH:0
end_of_record
TN:
SF:backend\src\modules\health\controller.ts
FN:9,(anonymous_0)
FNF:1
FNH:0
FNDA:0,(anonymous_0)
DA:2,0
DA:9,0
DA:10,0
LF:3
LH:0
BRF:0
BRH:0
end_of_record
TN:
SF:backend\src\modules\health\router.ts
FNF:0
FNH:0
DA:1,0
DA:2,0
DA:4,0
DA:11,0
DA:13,0
LF:5
LH:0
BRF:0
BRH:0
end_of_record
TN:
SF:backend\src\utils\index.ts
FNF:0
FNH:0
DA:1,5
DA:2,5
DA:3,5
DA:4,5
DA:5,5
DA:6,5
DA:7,5
DA:8,5
DA:9,5
DA:10,5
LF:10
LH:10
BRF:0
BRH:0
end_of_record
TN:
SF:backend\src\utils\zod.ts
FN:5,(anonymous_0)
FN:8,(anonymous_1)
FN:11,(anonymous_2)
FN:14,(anonymous_3)
FN:20,(anonymous_4)
FN:26,(anonymous_5)
FN:29,(anonymous_6)
FN:38,(anonymous_7)
FN:39,(anonymous_8)
FN:40,(anonymous_9)
FNF:10
FNH:0
FNDA:0,(anonymous_0)
FNDA:0,(anonymous_1)
FNDA:0,(anonymous_2)
FNDA:0,(anonymous_3)
FNDA:0,(anonymous_4)
FNDA:0,(anonymous_5)
FNDA:0,(anonymous_6)
FNDA:0,(anonymous_7)
FNDA:0,(anonymous_8)
FNDA:0,(anonymous_9)
DA:2,5
DA:4,5
DA:7,0
DA:11,0
DA:17,0
DA:20,0
DA:26,5
DA:29,0
DA:30,0
DA:31,0
DA:33,0
DA:38,5
DA:39,0
DA:40,0
DA:42,0
LF:15
LH:4
BRDA:20,0,0,0
BRDA:20,0,1,0
BRDA:30,1,0,0
BRDA:30,2,0,0
BRDA:30,2,1,0
BRDA:40,3,0,0
BRDA:40,3,1,0
BRF:7
BRH:0
end_of_record
TN:
SF:backend\src\utils\express-requests\HttpError.ts
FN:3,(anonymous_0)
FNF:1
FNH:1
FNDA:3,(anonymous_0)
DA:1,5
DA:4,3
DA:5,3
LF:3
LH:3
BRF:0
BRH:0
end_of_record
TN:
SF:backend\src\utils\express-requests\errorWrapper.ts
FN:18,(anonymous_0)
FN:19,(anonymous_1)
FNF:2
FNH:2
FNDA:3,(anonymous_0)
FNDA:3,(anonymous_1)
DA:3,5
DA:4,5
DA:5,5
DA:18,5
DA:19,3
DA:20,3
DA:21,3
DA:24,3
DA:26,2
DA:27,2
DA:28,2
DA:30,2
DA:31,1
DA:32,1
DA:33,1
DA:34,1
DA:38,2
DA:41,2
LF:18
LH:18
BRDA:30,0,0,1
BRDA:30,0,1,1
BRDA:33,1,0,1
BRF:3
BRH:3
end_of_record
TN:
SF:backend\src\utils\express-requests\httpStatusCode.ts
FNF:0
FNH:0
DA:1,5
LF:1
LH:1
BRF:0
BRH:0
end_of_record
TN:
SF:backend\src\utils\express-requests\validateZodRequestSchema.ts
FN:6,(anonymous_0)
FN:17,(anonymous_1)
FNF:2
FNH:2
FNDA:2,(anonymous_0)
FNDA:1,(anonymous_1)
DA:2,4
DA:3,4
DA:4,4
DA:6,4
DA:11,2
DA:13,2
DA:15,1
DA:16,1
DA:18,1
DA:19,1
DA:21,1
DA:22,1
DA:25,1
DA:26,1
DA:27,1
DA:30,1
DA:35,1
DA:38,0
LF:18
LH:17
BRDA:15,0,0,1
BRDA:25,1,0,1
BRDA:25,2,0,1
BRDA:25,2,1,1
BRF:4
BRH:4
end_of_record
TN:
SF:backend\src\utils\express-requests\zodValidationMiddleware.ts
FN:16,(anonymous_0)
FN:18,(anonymous_1)
FN:22,(anonymous_2)
FN:26,(anonymous_3)
FNF:4
FNH:4
FNDA:4,(anonymous_0)
FNDA:1,(anonymous_1)
FNDA:1,(anonymous_2)
FNDA:1,(anonymous_3)
DA:4,5
DA:16,5
DA:18,4
DA:19,1
DA:22,4
DA:23,1
DA:26,4
DA:27,1
DA:29,4
LF:9
LH:9
BRF:0
BRH:0
end_of_record
TN:
SF:backend\src\utils\logging\colors.ts
FNF:0
FNH:0
DA:2,5
DA:3,5
DA:4,5
DA:5,5
DA:6,5
DA:7,5
DA:8,5
DA:9,5
DA:10,5
DA:11,5
DA:12,5
DA:13,5
DA:14,5
DA:15,5
DA:16,5
DA:17,5
DA:18,5
DA:19,5
DA:20,5
LF:19
LH:19
BRF:0
BRH:0
end_of_record
TN:
SF:backend\src\utils\logging\debugStatements.ts
FN:7,(anonymous_6)
FNF:1
FNH:1
FNDA:3,(anonymous_6)
DA:2,5
DA:4,5
DA:5,5
DA:7,5
DA:9,3
DA:10,3
DA:11,3
DA:12,0
DA:13,0
DA:14,0
DA:17,3
DA:20,3
DA:21,0
DA:22,0
LF:14
LH:9
BRDA:11,0,0,3
BRDA:11,0,1,0
BRDA:11,1,0,3
BRDA:11,1,1,0
BRDA:12,2,0,0
BRDA:12,2,1,0
BRDA:12,3,0,0
BRDA:12,3,1,0
BRDA:14,4,0,0
BRDA:17,5,0,0
BRDA:20,6,0,0
BRF:11
BRH:2
end_of_record
TN:
SF:backend\src\utils\logging\getCurrentDateTime.ts
FN:15,(anonymous_0)
FN:43,(anonymous_1)
FN:44,(anonymous_2)
FN:45,(anonymous_3)
FN:48,(anonymous_4)
FN:49,(anonymous_5)
FN:50,(anonymous_6)
FNF:7
FNH:7
FNDA:25,(anonymous_0)
FNDA:125,(anonymous_1)
FNDA:25,(anonymous_2)
FNDA:75,(anonymous_3)
FNDA:175,(anonymous_4)
FNDA:225,(anonymous_5)
FNDA:275,(anonymous_6)
DA:15,5
DA:16,25
DA:19,25
DA:20,25
DA:21,25
DA:22,25
DA:23,25
DA:24,25
DA:26,25
DA:27,25
DA:30,25
DA:40,25
DA:42,25
DA:43,125
DA:44,25
DA:45,75
DA:47,25
DA:48,175
DA:49,225
DA:50,275
DA:54,25
DA:55,25
DA:56,25
DA:57,25
DA:59,25
LF:25
LH:25
BRDA:56,0,0,25
BRDA:56,0,1,0
BRDA:57,1,0,0
BRDA:57,1,1,25
BRF:4
BRH:2
end_of_record
TN:
SF:backend\src\utils\logging\logMessages.ts
FNF:0
FNH:0
DA:1,5
DA:2,5
DA:4,5
DA:5,5
DA:7,5
DA:8,5
DA:9,5
DA:12,5
DA:17,5
LF:9
LH:9
BRF:0
BRH:0
end_of_record
